2026-05-09T00:14:37.670+05:30 DEBUG 27136 --- [HRMS-System] [http-nio-8086-exec-5] o.s.web.servlet.DispatcherServlet        : GET "/api/employees/get-employee-by-employeeId/EMP0002", parameters={}
2026-05-09T00:14:37.687+05:30 DEBUG 27136 --- [HRMS-System] [http-nio-8086-exec-5] s.w.s.m.m.a.RequestMappingHandlerMapping : Mapped to com.hrms.controller.EmployeeController#getEmployeeByEmployeePrimeId(String)
2026-05-09T00:14:37.713+05:30 DEBUG 27136 --- [HRMS-System] [http-nio-8086-exec-5] o.s.w.s.m.m.a.HttpEntityMethodProcessor  : Using 'application/json', given [*/*] and supported [application/json, application/*+json]
2026-05-09T00:14:37.716+05:30 DEBUG 27136 --- [HRMS-System] [http-nio-8086-exec-5] o.s.w.s.m.m.a.HttpEntityMethodProcessor  : Writing [{data=com.hrms.dto.response.EmployeeResponseDTO@6eb698a7, success=true}]
2026-05-09T00:14:37.721+05:30 DEBUG 27136 --- [HRMS-System] [http-nio-8086-exec-5] o.s.web.servlet.DispatcherServlet        : Completed 200 OK
2026-05-09T00:14:38.129+05:30  INFO 27136 --- [HRMS-System] [http-nio-8086-exec-7] com.hrms.security.JwtUtil                : JWT token successfully validated for user: EMP0002
2026-05-09T00:14:38.130+05:30  INFO 27136 --- [HRMS-System] [http-nio-8086-exec-7] c.hrms.security.JwtAuthenticationFilter  : Successfully authenticated user: EMP0002 via JWT for path: /api/employees/EMP0002/profile-image
2026-05-09T00:14:38.130+05:30 DEBUG 27136 --- [HRMS-System] [http-nio-8086-exec-7] o.s.web.servlet.DispatcherServlet        : GET "/api/employees/EMP0002/profile-image", parameters={}
2026-05-09T00:14:38.143+05:30 DEBUG 27136 --- [HRMS-System] [http-nio-8086-exec-7] s.w.s.m.m.a.RequestMappingHandlerMapping : Mapped to com.hrms.controller.EmployeeController#getProfilePhoto(String)
2026-05-09T00:14:38.171+05:30 DEBUG 27136 --- [HRMS-System] [http-nio-8086-exec-7] o.s.w.s.m.m.a.HttpEntityMethodProcessor  : Found 'Content-Type:image/png' in response
2026-05-09T00:14:38.188+05:30 DEBUG 27136 --- [HRMS-System] [http-nio-8086-exec-7] o.s.w.s.m.m.a.HttpEntityMethodProcessor  : Writing [{ffd8ffe000104a46494600010101012c012c0000ffe100564578696600004d4d002a000000080004011a000500000001000 (truncated)...]
2026-05-09T00:14:38.191+05:30 DEBUG 27136 --- [HRMS-System] [http-nio-8086-exec-7] o.s.web.servlet.DispatcherServlet        : Completed 200 OK
2026-05-09T00:14:46.525+05:30 DEBUG 27136 --- [HRMS-System] [http-nio-8086-exec-8] o.s.web.servlet.DispatcherServlet        : GET "/api/attendance/all-attendance-employee/1?page=0&size=10&sortBy=attendanceDate&sortDir=desc", parameters={masked}
2026-05-09T00:14:46.548+05:30 DEBUG 27136 --- [HRMS-System] [http-nio-8086-exec-8] s.w.s.m.m.a.RequestMappingHandlerMapping : Mapped to com.hrms.controller.AttendanceController#getAllAttendanceByEmployeePrimeId(Long, int, int, String, String)
2026-05-09T00:14:46.558+05:30  INFO 27136 --- [HRMS-System] [http-nio-8086-exec-8] c.hrms.controller.AttendanceController   : 📥 Getting all attendance for employee: 1, Page: 0, Size: 10, SortBy: attendanceDate, SortDir: desc
2026-05-09T00:14:46.561+05:30  INFO 27136 --- [HRMS-System] [http-nio-8086-exec-8] c.h.s.serviceImpl.AttendanceServiceImpl  : 🟢 Getting all attendance for employee: 1, Page: 0, Size: 10, SortBy: attendanceDate, SortDir: desc
2026-05-09T00:14:46.615+05:30  INFO 27136 --- [HRMS-System] [http-nio-8086-exec-8] c.h.s.serviceImpl.AttendanceServiceImpl  : ✅ Found 3 total attendance records for employee: 1 (Page 1/1)
2026-05-09T00:14:46.654+05:30  INFO 27136 --- [HRMS-System] [http-nio-8086-exec-8] c.hrms.controller.AttendanceController   : ✅ Returning page 1/1 with 3 records for employee: 1
2026-05-09T00:14:46.656+05:30 DEBUG 27136 --- [HRMS-System] [http-nio-8086-exec-8] o.s.w.s.m.m.a.HttpEntityMethodProcessor  : Using 'application/json', given [*/*] and supported [application/json, application/*+json]
2026-05-09T00:14:46.657+05:30 DEBUG 27136 --- [HRMS-System] [http-nio-8086-exec-8] o.s.w.s.m.m.a.HttpEntityMethodProcessor  : Writing [{isFirst=true, pageSize=10, totalPages=1, isLast=true, totalRecords=3, content=[com.hrms.dto.respons (truncated)...]
2026-05-09T00:14:46.663+05:30 DEBUG 27136 --- [HRMS-System] [http-nio-8086-exec-8] o.s.web.servlet.DispatcherServlet        : Completed 200 OK
2026-05-09T00:14:52.036+05:30 DEBUG 27136 --- [HRMS-System] [http-nio-8086-exec-9] o.s.web.servlet.DispatcherServlet        : GET "/api/expenses/get-all-expenses", parameters={}
2026-05-09T00:14:52.077+05:30 DEBUG 27136 --- [HRMS-System] [http-nio-8086-exec-9] s.w.s.m.m.a.RequestMappingHandlerMapping : Mapped to com.hrms.controller.ExpenseController#getAllExpenses()
2026-05-09T00:14:52.160+05:30 DEBUG 27136 --- [HRMS-System] [http-nio-8086-exec-9] o.s.w.s.m.m.a.HttpEntityMethodProcessor  : Using 'application/json', given [*/*] and supported [application/json, application/*+json]
2026-05-09T00:14:52.160+05:30 DEBUG 27136 --- [HRMS-System] [http-nio-8086-exec-9] o.s.w.s.m.m.a.HttpEntityMethodProcessor  : Writing [[com.hrms.dto.response.ExpenseResponseDto@3d88aced]]
2026-05-09T00:14:52.168+05:30 DEBUG 27136 --- [HRMS-System] [http-nio-8086-exec-9] o.s.web.servlet.DispatcherServlet        : Completed 200 OK
2026-05-09T00:14:52.181+05:30 DEBUG 27136 --- [HRMS-System] [http-nio-8086-exec-10] o.s.web.servlet.DispatcherServlet        : GET "/api/expenses/get-monthly-total/stats/monthly?month=5&year=2026", parameters={masked}
2026-05-09T00:14:52.181+05:30 DEBUG 27136 --- [HRMS-System] [http-nio-8086-exec-10] s.w.s.m.m.a.RequestMappingHandlerMapping : Mapped to com.hrms.controller.ExpenseController#getMonthlyTotal(Integer, Integer)
2026-05-09T00:14:52.197+05:30 DEBUG 27136 --- [HRMS-System] [http-nio-8086-exec-10] o.s.w.s.m.m.a.HttpEntityMethodProcessor  : Using 'application/json', given [*/*] and supported [application/json, application/*+json]
2026-05-09T00:14:52.197+05:30 DEBUG 27136 --- [HRMS-System] [http-nio-8086-exec-10] o.s.w.s.m.m.a.HttpEntityMethodProcessor  : Writing [0.0]
2026-05-09T00:14:52.201+05:30 DEBUG 27136 --- [HRMS-System] [http-nio-8086-exec-10] o.s.web.servlet.DispatcherServlet        : Completed 200 OK
2026-05-09T00:14:54.959+05:30 DEBUG 27136 --- [HRMS-System] [http-nio-8086-exec-2] o.s.web.servlet.DispatcherServlet        : GET "/api/leave/types", parameters={}
2026-05-09T00:14:54.959+05:30 DEBUG 27136 --- [HRMS-System] [http-nio-8086-exec-2] s.w.s.m.m.a.RequestMappingHandlerMapping : Mapped to com.hrms.controller.LeaveTypeController#getAllTypes()
2026-05-09T00:14:54.968+05:30 DEBUG 27136 --- [HRMS-System] [http-nio-8086-exec-2] o.s.w.s.m.m.a.HttpEntityMethodProcessor  : Using 'application/json', given [*/*] and supported [application/json, application/*+json]
2026-05-09T00:14:54.968+05:30 DEBUG 27136 --- [HRMS-System] [http-nio-8086-exec-2] o.s.w.s.m.m.a.HttpEntityMethodProcessor  : Writing [[com.hrms.dto.request.LeaveTypeDTO@9580d2e, com.hrms.dto.request.LeaveTypeDTO@3500b10c, com.hrms.dto (truncated)...]
2026-05-09T00:14:54.972+05:30 DEBUG 27136 --- [HRMS-System] [http-nio-8086-exec-2] o.s.web.servlet.DispatcherServlet        : Completed 200 OK
2026-05-09T00:14:55.063+05:30 DEBUG 27136 --- [HRMS-System] [http-nio-8086-exec-4] o.s.web.servlet.DispatcherServlet        : GET "/api/leave/balance?empId=EMP0002&year=2026", parameters={masked}
2026-05-09T00:14:55.066+05:30 DEBUG 27136 --- [HRMS-System] [http-nio-8086-exec-4] s.w.s.m.m.a.RequestMappingHandlerMapping : Mapped to com.hrms.controller.LeaveRequestController#getBalance(String, int)
2026-05-09T00:14:55.110+05:30 DEBUG 27136 --- [HRMS-System] [http-nio-8086-exec-4] o.s.w.s.m.m.a.HttpEntityMethodProcessor  : Using 'application/json', given [*/*] and supported [application/json, application/*+json]
2026-05-09T00:14:55.112+05:30 DEBUG 27136 --- [HRMS-System] [http-nio-8086-exec-4] o.s.w.s.m.m.a.HttpEntityMethodProcessor  : Writing [com.hrms.dto.response.LeaveBalanceDTO@5ead7155]
2026-05-09T00:14:55.121+05:30 DEBUG 27136 --- [HRMS-System] [http-nio-8086-exec-4] o.s.web.servlet.DispatcherServlet        : Completed 200 OK
2026-05-09T00:14:55.127+05:30 DEBUG 27136 --- [HRMS-System] [http-nio-8086-exec-5] o.s.web.servlet.DispatcherServlet        : GET "/api/leave/requests/employee/EMP0002", parameters={}
2026-05-09T00:14:55.134+05:30 DEBUG 27136 --- [HRMS-System] [http-nio-8086-exec-5] s.w.s.m.m.a.RequestMappingHandlerMapping : Mapped to com.hrms.controller.LeaveRequestController#getByEmployee(String)
2026-05-09T00:14:55.160+05:30 DEBUG 27136 --- [HRMS-System] [http-nio-8086-exec-5] o.s.w.s.m.m.a.HttpEntityMethodProcessor  : Using 'application/json', given [*/*] and supported [application/json, application/*+json]
2026-05-09T00:14:55.160+05:30 DEBUG 27136 --- [HRMS-System] [http-nio-8086-exec-5] o.s.w.s.m.m.a.HttpEntityMethodProcessor  : Writing [[com.hrms.dto.response.LeaveRequestResponseDTO@5c8c5d91]]
2026-05-09T00:14:55.167+05:30 DEBUG 27136 --- [HRMS-System] [http-nio-8086-exec-5] o.s.web.servlet.DispatcherServlet        : Completed 200 OK
2026-05-09T00:15:06.376+05:30 DEBUG 27136 --- [HRMS-System] [http-nio-8086-exec-7] o.s.web.servlet.DispatcherServlet        : GET "/api/exit/resignations/employee/EMP0002", parameters={}
2026-05-09T00:15:06.456+05:30 DEBUG 27136 --- [HRMS-System] [http-nio-8086-exec-7] s.w.s.m.m.a.RequestMappingHandlerMapping : Mapped to com.hrms.controller.ExitController#getResignationByEmployeeId(String)
2026-05-09T00:15:06.462+05:30  INFO 27136 --- [HRMS-System] [http-nio-8086-exec-7] c.h.service.serviceImpl.ExitServiceImpl  : Fetching resignation for employeeId: EMP0002
2026-05-09T00:15:06.542+05:30  INFO 27136 --- [HRMS-System] [http-nio-8086-exec-7] c.h.service.serviceImpl.ExitServiceImpl  : No resignation found for employeeId: EMP0002
2026-05-09T00:15:06.546+05:30 DEBUG 27136 --- [HRMS-System] [http-nio-8086-exec-7] o.s.w.s.m.m.a.HttpEntityMethodProcessor  : Using 'application/json', given [*/*] and supported [application/json, application/*+json]
2026-05-09T00:15:06.546+05:30 DEBUG 27136 --- [HRMS-System] [http-nio-8086-exec-7] o.s.w.s.m.m.a.HttpEntityMethodProcessor  : Writing [com.hrms.dto.response.ExitResponseDto@e0b382b]
2026-05-09T00:15:06.567+05:30 DEBUG 27136 --- [HRMS-System] [http-nio-8086-exec-7] o.s.web.servlet.DispatcherServlet        : Completed 404 NOT_FOUND
2026-05-09T00:15:06.879+05:30 DEBUG 27136 --- [HRMS-System] [http-nio-8086-exec-8] o.s.web.servlet.DispatcherServlet        : GET "/api/exit/resignations/employee/EMP0002", parameters={}
2026-05-09T00:15:06.879+05:30 DEBUG 27136 --- [HRMS-System] [http-nio-8086-exec-8] s.w.s.m.m.a.RequestMappingHandlerMapping : Mapped to com.hrms.controller.ExitController#getResignationByEmployeeId(String)
2026-05-09T00:15:06.885+05:30  INFO 27136 --- [HRMS-System] [http-nio-8086-exec-8] c.h.service.serviceImpl.ExitServiceImpl  : Fetching resignation for employeeId: EMP0002
2026-05-09T00:15:06.918+05:30  INFO 27136 --- [HRMS-System] [http-nio-8086-exec-8] c.h.service.serviceImpl.ExitServiceImpl  : No resignation found for employeeId: EMP0002
2026-05-09T00:15:06.919+05:30 DEBUG 27136 --- [HRMS-System] [http-nio-8086-exec-8] o.s.w.s.m.m.a.HttpEntityMethodProcessor  : Using 'application/json', given [*/*] and supported [application/json, application/*+json]
2026-05-09T00:15:06.919+05:30 DEBUG 27136 --- [HRMS-System] [http-nio-8086-exec-8] o.s.w.s.m.m.a.HttpEntityMethodProcessor  : Writing [com.hrms.dto.response.ExitResponseDto@423ea71c]
2026-05-09T00:15:06.924+05:30 DEBUG 27136 --- [HRMS-System] [http-nio-8086-exec-8] o.s.web.servlet.DispatcherServlet        : Completed 404 NOT_FOUND
2026-05-09T00:15:16.013+05:30 DEBUG 27136 --- [HRMS-System] [http-nio-8086-exec-9] o.s.web.servlet.DispatcherServlet        : GET "/api/exit/resignations/employee/EMP0002", parameters={}
2026-05-09T00:15:16.019+05:30 DEBUG 27136 --- [HRMS-System] [http-nio-8086-exec-9] s.w.s.m.m.a.RequestMappingHandlerMapping : Mapped to com.hrms.controller.ExitController#getResignationByEmployeeId(String)
2026-05-09T00:15:16.019+05:30  INFO 27136 --- [HRMS-System] [http-nio-8086-exec-9] c.h.service.serviceImpl.ExitServiceImpl  : Fetching resignation for employeeId: EMP0002
2026-05-09T00:15:16.034+05:30  INFO 27136 --- [HRMS-System] [http-nio-8086-exec-9] c.h.service.serviceImpl.ExitServiceImpl  : No resignation found for employeeId: EMP0002
2026-05-09T00:15:16.034+05:30 DEBUG 27136 --- [HRMS-System] [http-nio-8086-exec-9] o.s.w.s.m.m.a.HttpEntityMethodProcessor  : Using 'application/json', given [*/*] and supported [application/json, application/*+json]
2026-05-09T00:15:16.034+05:30 DEBUG 27136 --- [HRMS-System] [http-nio-8086-exec-9] o.s.w.s.m.m.a.HttpEntityMethodProcessor  : Writing [com.hrms.dto.response.ExitResponseDto@260541cb]
2026-05-09T00:15:16.034+05:30 DEBUG 27136 --- [HRMS-System] [http-nio-8086-exec-9] o.s.web.servlet.DispatcherServlet        : Completed 404 NOT_FOUND
2026-05-09T00:15:16.526+05:30 DEBUG 27136 --- [HRMS-System] [http-nio-8086-exec-10] o.s.web.servlet.DispatcherServlet        : GET "/api/exit/resignations/employee/EMP0002", parameters={}
2026-05-09T00:15:16.530+05:30 DEBUG 27136 --- [HRMS-System] [http-nio-8086-exec-10] s.w.s.m.m.a.RequestMappingHandlerMapping : Mapped to com.hrms.controller.ExitController#getResignationByEmployeeId(String)
2026-05-09T00:15:16.530+05:30  INFO 27136 --- [HRMS-System] [http-nio-8086-exec-10] c.h.service.serviceImpl.ExitServiceImpl  : Fetching resignation for employeeId: EMP0002
2026-05-09T00:15:16.556+05:30  INFO 27136 --- [HRMS-System] [http-nio-8086-exec-10] c.h.service.serviceImpl.ExitServiceImpl  : No resignation found for employeeId: EMP0002
2026-05-09T00:15:16.560+05:30 DEBUG 27136 --- [HRMS-System] [http-nio-8086-exec-10] o.s.w.s.m.m.a.HttpEntityMethodProcessor  : Using 'application/json', given [*/*] and supported [application/json, application/*+json]
2026-05-09T00:15:16.560+05:30 DEBUG 27136 --- [HRMS-System] [http-nio-8086-exec-10] o.s.w.s.m.m.a.HttpEntityMethodProcessor  : Writing [com.hrms.dto.response.ExitResponseDto@4cd0890]
2026-05-09T00:15:16.560+05:30 DEBUG 27136 --- [HRMS-System] [http-nio-8086-exec-10] o.s.web.servlet.DispatcherServlet        : Completed 404 NOT_FOUND
2026-05-09T00:15:20.520+05:30 DEBUG 27136 --- [HRMS-System] [http-nio-8086-exec-1] o.s.web.servlet.DispatcherServlet        : GET "/api/exit/resignations/employee/EMP0002", parameters={}
2026-05-09T00:15:20.522+05:30 DEBUG 27136 --- [HRMS-System] [http-nio-8086-exec-1] s.w.s.m.m.a.RequestMappingHandlerMapping : Mapped to com.hrms.controller.ExitController#getResignationByEmployeeId(String)
2026-05-09T00:15:20.524+05:30  INFO 27136 --- [HRMS-System] [http-nio-8086-exec-1] c.h.service.serviceImpl.ExitServiceImpl  : Fetching resignation for employeeId: EMP0002
2026-05-09T00:15:20.555+05:30  INFO 27136 --- [HRMS-System] [http-nio-8086-exec-1] c.h.service.serviceImpl.ExitServiceImpl  : No resignation found for employeeId: EMP0002
2026-05-09T00:15:20.557+05:30 DEBUG 27136 --- [HRMS-System] [http-nio-8086-exec-1] o.s.w.s.m.m.a.HttpEntityMethodProcessor  : Using 'application/json', given [*/*] and supported [application/json, application/*+json]
2026-05-09T00:15:20.557+05:30 DEBUG 27136 --- [HRMS-System] [http-nio-8086-exec-1] o.s.w.s.m.m.a.HttpEntityMethodProcessor  : Writing [com.hrms.dto.response.ExitResponseDto@2c0a9e0f]
2026-05-09T00:15:20.557+05:30 DEBUG 27136 --- [HRMS-System] [http-nio-8086-exec-1] o.s.web.servlet.DispatcherServlet        : Completed 404 NOT_FOUND
2026-05-09T00:15:22.955+05:30 DEBUG 27136 --- [HRMS-System] [http-nio-8086-exec-2] o.s.web.servlet.DispatcherServlet        : GET "/api/employees/get-employee-by-employeeId/EMP0002", parameters={}
2026-05-09T00:15:22.958+05:30 DEBUG 27136 --- [HRMS-System] [http-nio-8086-exec-2] s.w.s.m.m.a.RequestMappingHandlerMapping : Mapped to com.hrms.controller.EmployeeController#getEmployeeByEmployeePrimeId(String)
2026-05-09T00:15:22.969+05:30 DEBUG 27136 --- [HRMS-System] [http-nio-8086-exec-2] o.s.w.s.m.m.a.HttpEntityMethodProcessor  : Using 'application/json', given [*/*] and supported [application/json, application/*+json]
2026-05-09T00:15:22.970+05:30 DEBUG 27136 --- [HRMS-System] [http-nio-8086-exec-2] o.s.w.s.m.m.a.HttpEntityMethodProcessor  : Writing [{data=com.hrms.dto.response.EmployeeResponseDTO@5f93c930, success=true}]
2026-05-09T00:15:22.974+05:30 DEBUG 27136 --- [HRMS-System] [http-nio-8086-exec-2] o.s.web.servlet.DispatcherServlet        : Completed 200 OK
2026-05-09T00:15:23.074+05:30  INFO 27136 --- [HRMS-System] [http-nio-8086-exec-3] com.hrms.security.JwtUtil                : JWT token successfully validated for user: EMP0002
2026-05-09T00:15:23.076+05:30  INFO 27136 --- [HRMS-System] [http-nio-8086-exec-3] c.hrms.security.JwtAuthenticationFilter  : Successfully authenticated user: EMP0002 via JWT for path: /api/employees/EMP0002/profile-image
2026-05-09T00:15:23.077+05:30 DEBUG 27136 --- [HRMS-System] [http-nio-8086-exec-3] o.s.web.servlet.DispatcherServlet        : GET "/api/employees/EMP0002/profile-image", parameters={}
2026-05-09T00:15:23.079+05:30 DEBUG 27136 --- [HRMS-System] [http-nio-8086-exec-3] s.w.s.m.m.a.RequestMappingHandlerMapping : Mapped to com.hrms.controller.EmployeeController#getProfilePhoto(String)
2026-05-09T00:15:23.087+05:30 DEBUG 27136 --- [HRMS-System] [http-nio-8086-exec-3] o.s.w.s.m.m.a.HttpEntityMethodProcessor  : Found 'Content-Type:image/png' in response
2026-05-09T00:15:23.095+05:30 DEBUG 27136 --- [HRMS-System] [http-nio-8086-exec-3] o.s.w.s.m.m.a.HttpEntityMethodProcessor  : Writing [{ffd8ffe000104a46494600010101012c012c0000ffe100564578696600004d4d002a000000080004011a000500000001000 (truncated)...]
2026-05-09T00:15:23.099+05:30 DEBUG 27136 --- [HRMS-System] [http-nio-8086-exec-3] o.s.web.servlet.DispatcherServlet        : Completed 200 OK
2026-05-09T00:15:31.614+05:30 DEBUG 27136 --- [HRMS-System] [http-nio-8086-exec-4] o.s.web.servlet.DispatcherServlet        : GET "/api/employees/get-employee-by-employeeId/EMP0002", parameters={}
2026-05-09T00:15:31.614+05:30 DEBUG 27136 --- [HRMS-System] [http-nio-8086-exec-4] s.w.s.m.m.a.RequestMappingHandlerMapping : Mapped to com.hrms.controller.EmployeeController#getEmployeeByEmployeePrimeId(String)
2026-05-09T00:15:31.626+05:30 DEBUG 27136 --- [HRMS-System] [http-nio-8086-exec-4] o.s.w.s.m.m.a.HttpEntityMethodProcessor  : Using 'application/json', given [*/*] and supported [application/json, application/*+json]
2026-05-09T00:15:31.626+05:30 DEBUG 27136 --- [HRMS-System] [http-nio-8086-exec-4] o.s.w.s.m.m.a.HttpEntityMethodProcessor  : Writing [{data=com.hrms.dto.response.EmployeeResponseDTO@6a0d08eb, success=true}]
2026-05-09T00:15:31.626+05:30 DEBUG 27136 --- [HRMS-System] [http-nio-8086-exec-4] o.s.web.servlet.DispatcherServlet        : Completed 200 OK
2026-05-09T00:15:31.713+05:30  INFO 27136 --- [HRMS-System] [http-nio-8086-exec-6] com.hrms.security.JwtUtil                : JWT token successfully validated for user: EMP0002
2026-05-09T00:15:31.713+05:30  INFO 27136 --- [HRMS-System] [http-nio-8086-exec-6] c.hrms.security.JwtAuthenticationFilter  : Successfully authenticated user: EMP0002 via JWT for path: /api/employees/EMP0002/profile-image
2026-05-09T00:15:31.713+05:30 DEBUG 27136 --- [HRMS-System] [http-nio-8086-exec-6] o.s.web.servlet.DispatcherServlet        : GET "/api/employees/EMP0002/profile-image", parameters={}
2026-05-09T00:15:31.720+05:30 DEBUG 27136 --- [HRMS-System] [http-nio-8086-exec-6] s.w.s.m.m.a.RequestMappingHandlerMapping : Mapped to com.hrms.controller.EmployeeController#getProfilePhoto(String)
2026-05-09T00:15:31.729+05:30 DEBUG 27136 --- [HRMS-System] [http-nio-8086-exec-6] o.s.w.s.m.m.a.HttpEntityMethodProcessor  : Found 'Content-Type:image/png' in response
2026-05-09T00:15:31.729+05:30 DEBUG 27136 --- [HRMS-System] [http-nio-8086-exec-6] o.s.w.s.m.m.a.HttpEntityMethodProcessor  : Writing [{ffd8ffe000104a46494600010101012c012c0000ffe100564578696600004d4d002a000000080004011a000500000001000 (truncated)...]
2026-05-09T00:15:31.729+05:30 DEBUG 27136 --- [HRMS-System] [http-nio-8086-exec-6] o.s.web.servlet.DispatcherServlet        : Completed 200 OK
2026-05-09T00:15:38.951+05:30 DEBUG 27136 --- [HRMS-System] [http-nio-8086-exec-5] o.s.web.servlet.DispatcherServlet        : GET "/api/attendance/all-attendance-employee/1?page=0&size=10&sortBy=attendanceDate&sortDir=desc", parameters={masked}
2026-05-09T00:15:38.958+05:30 DEBUG 27136 --- [HRMS-System] [http-nio-8086-exec-5] s.w.s.m.m.a.RequestMappingHandlerMapping : Mapped to com.hrms.controller.AttendanceController#getAllAttendanceByEmployeePrimeId(Long, int, int, String, String)
2026-05-09T00:15:38.959+05:30  INFO 27136 --- [HRMS-System] [http-nio-8086-exec-5] c.hrms.controller.AttendanceController   : 📥 Getting all attendance for employee: 1, Page: 0, Size: 10, SortBy: attendanceDate, SortDir: desc
2026-05-09T00:15:38.965+05:30  INFO 27136 --- [HRMS-System] [http-nio-8086-exec-5] c.h.s.serviceImpl.AttendanceServiceImpl  : 🟢 Getting all attendance for employee: 1, Page: 0, Size: 10, SortBy: attendanceDate, SortDir: desc
2026-05-09T00:15:39.005+05:30  INFO 27136 --- [HRMS-System] [http-nio-8086-exec-5] c.h.s.serviceImpl.AttendanceServiceImpl  : ✅ Found 3 total attendance records for employee: 1 (Page 1/1)
2026-05-09T00:15:39.046+05:30  INFO 27136 --- [HRMS-System] [http-nio-8086-exec-5] c.hrms.controller.AttendanceController   : ✅ Returning page 1/1 with 3 records for employee: 1
2026-05-09T00:15:39.051+05:30 DEBUG 27136 --- [HRMS-System] [http-nio-8086-exec-5] o.s.w.s.m.m.a.HttpEntityMethodProcessor  : Using 'application/json', given [*/*] and supported [application/json, application/*+json]
2026-05-09T00:15:39.051+05:30 DEBUG 27136 --- [HRMS-System] [http-nio-8086-exec-5] o.s.w.s.m.m.a.HttpEntityMethodProcessor  : Writing [{isFirst=true, pageSize=10, totalPages=1, isLast=true, totalRecords=3, content=[com.hrms.dto.respons (truncated)...]
2026-05-09T00:15:39.054+05:30 DEBUG 27136 --- [HRMS-System] [http-nio-8086-exec-5] o.s.web.servlet.DispatcherServlet        : Completed 200 OK
2026-05-09T00:16:33.948+05:30  INFO 27136 --- [HRMS-System] [SpringApplicationShutdownHook] o.s.boot.tomcat.GracefulShutdown         : Commencing graceful shutdown. Waiting for active requests to complete
2026-05-09T00:16:33.959+05:30  INFO 27136 --- [HRMS-System] [tomcat-shutdown] o.s.boot.tomcat.GracefulShutdown         : Graceful shutdown complete
2026-05-09T00:16:33.969+05:30  INFO 27136 --- [HRMS-System] [SpringApplicationShutdownHook] j.LocalContainerEntityManagerFactoryBean : Closing JPA EntityManagerFactory for persistence unit 'default'
2026-05-09T00:16:33.976+05:30  INFO 27136 --- [HRMS-System] [SpringApplicationShutdownHook] com.zaxxer.hikari.HikariDataSource       : HikariPool-1 - Shutdown initiated...
2026-05-09T00:16:33.982+05:30  INFO 27136 --- [HRMS-System] [SpringApplicationShutdownHook] com.zaxxer.hikari.HikariDataSource       : HikariPool-1 - Shutdown completed.
2026-05-09T10:14:13.444+05:30  INFO 16332 --- [HRMS-System] [restartedMain] com.hrms.HrmsSystemApplication           : Starting HrmsSystemApplication using Java 24.0.2 with PID 16332 (C:\HRMS_Project\hrms_backend_v1.0\target\classes started by admim in C:\HRMS_Project\hrms_backend_v1.0)
2026-05-09T10:14:13.455+05:30  INFO 16332 --- [HRMS-System] [restartedMain] com.hrms.HrmsSystemApplication           : No active profile set, falling back to 1 default profile: "default"
2026-05-09T10:14:13.607+05:30  INFO 16332 --- [HRMS-System] [restartedMain] o.s.b.devtools.restart.ChangeableUrls    : The Class-Path manifest attribute in C:\Users\admim\.m2\repository\io\github\cdimascio\java-dotenv\5.2.2\java-dotenv-5.2.2.jar referenced one or more files that do not exist: file:/C:/Users/admim/.m2/repository/io/github/cdimascio/java-dotenv/5.2.2/kotlin-stdlib-1.4.0.jar,file:/C:/Users/admim/.m2/repository/io/github/cdimascio/java-dotenv/5.2.2/kotlin-stdlib-common-1.4.0.jar,file:/C:/Users/admim/.m2/repository/io/github/cdimascio/java-dotenv/5.2.2/annotations-13.0.jar
2026-05-09T10:14:13.607+05:30  INFO 16332 --- [HRMS-System] [restartedMain] .e.DevToolsPropertyDefaultsPostProcessor : Devtools property defaults active! Set 'spring.devtools.add-properties' to 'false' to disable
2026-05-09T10:14:13.608+05:30  INFO 16332 --- [HRMS-System] [restartedMain] .e.DevToolsPropertyDefaultsPostProcessor : For additional web related logging consider setting the 'logging.level.web' property to 'DEBUG'
2026-05-09T10:14:21.197+05:30  INFO 16332 --- [HRMS-System] [restartedMain] .s.d.r.c.RepositoryConfigurationDelegate : Multiple Spring Data modules found, entering strict repository configuration mode
2026-05-09T10:14:21.203+05:30  INFO 16332 --- [HRMS-System] [restartedMain] .s.d.r.c.RepositoryConfigurationDelegate : Bootstrapping Spring Data JDBC repositories in DEFAULT mode.
2026-05-09T10:14:21.350+05:30  INFO 16332 --- [HRMS-System] [restartedMain] .RepositoryConfigurationExtensionSupport : Spring Data JDBC - Could not safely identify store assignment for repository candidate interface com.hrms.repository.AdminRepository; If you want this repository to be a JDBC repository, consider annotating your entities with one of these annotations: org.springframework.data.relational.core.mapping.Table.
2026-05-09T10:14:21.353+05:30  INFO 16332 --- [HRMS-System] [restartedMain] .RepositoryConfigurationExtensionSupport : Spring Data JDBC - Could not safely identify store assignment for repository candidate interface com.hrms.repository.AssetRepository; If you want this repository to be a JDBC repository, consider annotating your entities with one of these annotations: org.springframework.data.relational.core.mapping.Table.
2026-05-09T10:14:21.359+05:30  INFO 16332 --- [HRMS-System] [restartedMain] .RepositoryConfigurationExtensionSupport : Spring Data JDBC - Could not safely identify store assignment for repository candidate interface com.hrms.repository.AttendanceRepository; If you want this repository to be a JDBC repository, consider annotating your entities with one of these annotations: org.springframework.data.relational.core.mapping.Table.
2026-05-09T10:14:21.363+05:30  INFO 16332 --- [HRMS-System] [restartedMain] .RepositoryConfigurationExtensionSupport : Spring Data JDBC - Could not safely identify store assignment for repository candidate interface com.hrms.repository.CompanyRepository; If you want this repository to be a JDBC repository, consider annotating your entities with one of these annotations: org.springframework.data.relational.core.mapping.Table.
2026-05-09T10:14:21.369+05:30  INFO 16332 --- [HRMS-System] [restartedMain] .RepositoryConfigurationExtensionSupport : Spring Data JDBC - Could not safely identify store assignment for repository candidate interface com.hrms.repository.EmployeeLeaveBalanceRepository; If you want this repository to be a JDBC repository, consider annotating your entities with one of these annotations: org.springframework.data.relational.core.mapping.Table.
2026-05-09T10:14:21.374+05:30  INFO 16332 --- [HRMS-System] [restartedMain] .RepositoryConfigurationExtensionSupport : Spring Data JDBC - Could not safely identify store assignment for repository candidate interface com.hrms.repository.EmployeeRepository; If you want this repository to be a JDBC repository, consider annotating your entities with one of these annotations: org.springframework.data.relational.core.mapping.Table.
2026-05-09T10:14:21.379+05:30  INFO 16332 --- [HRMS-System] [restartedMain] .RepositoryConfigurationExtensionSupport : Spring Data JDBC - Could not safely identify store assignment for repository candidate interface com.hrms.repository.ExitRepository; If you want this repository to be a JDBC repository, consider annotating your entities with one of these annotations: org.springframework.data.relational.core.mapping.Table.
2026-05-09T10:14:21.382+05:30  INFO 16332 --- [HRMS-System] [restartedMain] .RepositoryConfigurationExtensionSupport : Spring Data JDBC - Could not safely identify store assignment for repository candidate interface com.hrms.repository.ExpenseRepository; If you want this repository to be a JDBC repository, consider annotating your entities with one of these annotations: org.springframework.data.relational.core.mapping.Table.
2026-05-09T10:14:21.386+05:30  INFO 16332 --- [HRMS-System] [restartedMain] .RepositoryConfigurationExtensionSupport : Spring Data JDBC - Could not safely identify store assignment for repository candidate interface com.hrms.repository.LeaveRequestRepository; If you want this repository to be a JDBC repository, consider annotating your entities with one of these annotations: org.springframework.data.relational.core.mapping.Table.
2026-05-09T10:14:21.390+05:30  INFO 16332 --- [HRMS-System] [restartedMain] .RepositoryConfigurationExtensionSupport : Spring Data JDBC - Could not safely identify store assignment for repository candidate interface com.hrms.repository.LeaveRuleRepository; If you want this repository to be a JDBC repository, consider annotating your entities with one of these annotations: org.springframework.data.relational.core.mapping.Table.
2026-05-09T10:14:21.396+05:30  INFO 16332 --- [HRMS-System] [restartedMain] .RepositoryConfigurationExtensionSupport : Spring Data JDBC - Could not safely identify store assignment for repository candidate interface com.hrms.repository.LeaveTypeRepository; If you want this repository to be a JDBC repository, consider annotating your entities with one of these annotations: org.springframework.data.relational.core.mapping.Table.
2026-05-09T10:14:21.399+05:30  INFO 16332 --- [HRMS-System] [restartedMain] .RepositoryConfigurationExtensionSupport : Spring Data JDBC - Could not safely identify store assignment for repository candidate interface com.hrms.repository.OnboardingRepository; If you want this repository to be a JDBC repository, consider annotating your entities with one of these annotations: org.springframework.data.relational.core.mapping.Table.
2026-05-09T10:14:21.414+05:30  INFO 16332 --- [HRMS-System] [restartedMain] .RepositoryConfigurationExtensionSupport : Spring Data JDBC - Could not safely identify store assignment for repository candidate interface com.hrms.repository.PayrollRepository; If you want this repository to be a JDBC repository, consider annotating your entities with one of these annotations: org.springframework.data.relational.core.mapping.Table.
2026-05-09T10:14:21.418+05:30  INFO 16332 --- [HRMS-System] [restartedMain] .RepositoryConfigurationExtensionSupport : Spring Data JDBC - Could not safely identify store assignment for repository candidate interface com.hrms.repository.PromotionRepository; If you want this repository to be a JDBC repository, consider annotating your entities with one of these annotations: org.springframework.data.relational.core.mapping.Table.
2026-05-09T10:14:21.426+05:30  INFO 16332 --- [HRMS-System] [restartedMain] .RepositoryConfigurationExtensionSupport : Spring Data JDBC - Could not safely identify store assignment for repository candidate interface com.hrms.repository.UserRepository; If you want this repository to be a JDBC repository, consider annotating your entities with one of these annotations: org.springframework.data.relational.core.mapping.Table.
2026-05-09T10:14:21.429+05:30  INFO 16332 --- [HRMS-System] [restartedMain] .s.d.r.c.RepositoryConfigurationDelegate : Finished Spring Data repository scanning in 210 ms. Found 0 JDBC repository interfaces.
2026-05-09T10:14:21.517+05:30  INFO 16332 --- [HRMS-System] [restartedMain] .s.d.r.c.RepositoryConfigurationDelegate : Multiple Spring Data modules found, entering strict repository configuration mode
2026-05-09T10:14:21.520+05:30  INFO 16332 --- [HRMS-System] [restartedMain] .s.d.r.c.RepositoryConfigurationDelegate : Bootstrapping Spring Data JPA repositories in DEFAULT mode.
2026-05-09T10:14:21.824+05:30  INFO 16332 --- [HRMS-System] [restartedMain] .s.d.r.c.RepositoryConfigurationDelegate : Finished Spring Data repository scanning in 287 ms. Found 15 JPA repository interfaces.
2026-05-09T10:14:24.993+05:30  INFO 16332 --- [HRMS-System] [restartedMain] o.s.boot.tomcat.TomcatWebServer          : Tomcat initialized with port 8086 (http)
2026-05-09T10:14:25.047+05:30  INFO 16332 --- [HRMS-System] [restartedMain] o.apache.catalina.core.StandardService   : Starting service [Tomcat]
2026-05-09T10:14:25.048+05:30  INFO 16332 --- [HRMS-System] [restartedMain] o.apache.catalina.core.StandardEngine    : Starting Servlet engine: [Apache Tomcat/11.0.20]
2026-05-09T10:14:25.160+05:30  INFO 16332 --- [HRMS-System] [restartedMain] b.w.c.s.WebApplicationContextInitializer : Root WebApplicationContext: initialization completed in 11551 ms
2026-05-09T10:14:25.819+05:30  INFO 16332 --- [HRMS-System] [restartedMain] org.hibernate.orm.jpa                    : HHH008540: Processing PersistenceUnitInfo [name: default]
2026-05-09T10:14:26.018+05:30  INFO 16332 --- [HRMS-System] [restartedMain] org.hibernate.orm.core                   : HHH000001: Hibernate ORM core version 7.2.7.Final
2026-05-09T10:14:27.789+05:30  INFO 16332 --- [HRMS-System] [restartedMain] o.s.o.j.p.SpringPersistenceUnitInfo      : No LoadTimeWeaver setup: ignoring JPA class transformer
2026-05-09T10:14:27.872+05:30  INFO 16332 --- [HRMS-System] [restartedMain] com.zaxxer.hikari.HikariDataSource       : HikariPool-1 - Starting...
2026-05-09T10:14:28.512+05:30  INFO 16332 --- [HRMS-System] [restartedMain] com.zaxxer.hikari.pool.HikariPool        : HikariPool-1 - Added connection com.mysql.cj.jdbc.ConnectionImpl@68193651
2026-05-09T10:14:28.518+05:30  INFO 16332 --- [HRMS-System] [restartedMain] com.zaxxer.hikari.HikariDataSource       : HikariPool-1 - Start completed.
2026-05-09T10:14:28.835+05:30  INFO 16332 --- [HRMS-System] [restartedMain] org.hibernate.orm.connections.pooling    : HHH10001005: Database info:
	Database JDBC URL [jdbc:mysql://localhost:3306/hrms_db?useSSL=false&serverTimezone=Asia/Kolkata&allowPublicKeyRetrieval=true]
	Database driver: MySQL Connector/J
	Database dialect: MySQLDialect
	Database version: 8.0.41
	Default catalog/schema: hrms_db/undefined
	Autocommit mode: undefined/unknown
	Isolation level: REPEATABLE_READ [default REPEATABLE_READ]
	JDBC fetch size: none
	Pool: DataSourceConnectionProvider
	Minimum pool size: undefined/unknown
	Maximum pool size: undefined/unknown
2026-05-09T10:14:34.341+05:30  INFO 16332 --- [HRMS-System] [restartedMain] org.hibernate.orm.core                   : HHH000489: No JTA platform available (set 'hibernate.transaction.jta.platform' to enable JTA platform integration)
2026-05-09T10:14:34.845+05:30  INFO 16332 --- [HRMS-System] [restartedMain] j.LocalContainerEntityManagerFactoryBean : Initialized JPA EntityManagerFactory for persistence unit 'default'
2026-05-09T10:14:35.133+05:30  INFO 16332 --- [HRMS-System] [restartedMain] o.s.d.j.r.query.QueryEnhancerFactories   : Hibernate is in classpath; If applicable, HQL parser will be used.
2026-05-09T10:14:43.623+05:30  INFO 16332 --- [HRMS-System] [restartedMain] o.s.boot.tomcat.TomcatWebServer          : Tomcat started on port 8086 (http) with context path '/'
2026-05-09T10:14:43.659+05:30  WARN 16332 --- [HRMS-System] [restartedMain] JpaBaseConfiguration$JpaWebConfiguration : spring.jpa.open-in-view is enabled by default. Therefore, database queries may be performed during view rendering. Explicitly configure spring.jpa.open-in-view to disable this warning
2026-05-09T10:14:44.446+05:30 DEBUG 16332 --- [HRMS-System] [restartedMain] s.w.s.m.m.a.RequestMappingHandlerMapping : 164 mappings in 'requestMappingHandlerMapping'
2026-05-09T10:14:44.535+05:30 DEBUG 16332 --- [HRMS-System] [restartedMain] o.s.w.s.handler.SimpleUrlHandlerMapping  : Patterns [/webjars/**, /**] in 'resourceHandlerMapping'
2026-05-09T10:14:44.548+05:30  INFO 16332 --- [HRMS-System] [restartedMain] com.hrms.HrmsSystemApplication           : Started HrmsSystemApplication in 32.754 seconds (process running for 45.133)
2026-05-09T10:15:44.771+05:30  INFO 16332 --- [HRMS-System] [http-nio-8086-exec-1] o.a.c.c.C.[Tomcat].[localhost].[/]       : Initializing Spring DispatcherServlet 'dispatcherServlet'
2026-05-09T10:15:44.772+05:30  INFO 16332 --- [HRMS-System] [http-nio-8086-exec-1] o.s.web.servlet.DispatcherServlet        : Initializing Servlet 'dispatcherServlet'
2026-05-09T10:15:44.777+05:30 DEBUG 16332 --- [HRMS-System] [http-nio-8086-exec-1] o.s.web.servlet.DispatcherServlet        : Detected StandardServletMultipartResolver
2026-05-09T10:15:44.782+05:30 DEBUG 16332 --- [HRMS-System] [http-nio-8086-exec-1] o.s.web.servlet.DispatcherServlet        : Detected AcceptHeaderLocaleResolver
2026-05-09T10:15:44.870+05:30 DEBUG 16332 --- [HRMS-System] [http-nio-8086-exec-1] s.w.s.m.m.a.RequestMappingHandlerAdapter : ControllerAdvice beans: 0 @ModelAttribute, 0 @InitBinder, 2 RequestBodyAdvice, 1 ResponseBodyAdvice
2026-05-09T10:15:44.982+05:30 DEBUG 16332 --- [HRMS-System] [http-nio-8086-exec-1] .m.m.a.ExceptionHandlerExceptionResolver : ControllerAdvice beans: 1 @ExceptionHandler, 1 ResponseBodyAdvice
2026-05-09T10:15:44.994+05:30 DEBUG 16332 --- [HRMS-System] [http-nio-8086-exec-1] o.s.web.servlet.DispatcherServlet        : Detected org.springframework.web.servlet.view.DefaultRequestToViewNameTranslator@6efd59ce
2026-05-09T10:15:45.001+05:30 DEBUG 16332 --- [HRMS-System] [http-nio-8086-exec-1] o.s.web.servlet.DispatcherServlet        : Detected org.springframework.web.servlet.support.SessionFlashMapManager@1b1fc3a9
2026-05-09T10:15:45.002+05:30 DEBUG 16332 --- [HRMS-System] [http-nio-8086-exec-1] o.s.web.servlet.DispatcherServlet        : enableLoggingRequestDetails='false': request parameters and headers will be masked to prevent unsafe logging of potentially sensitive data
2026-05-09T10:15:45.003+05:30  INFO 16332 --- [HRMS-System] [http-nio-8086-exec-1] o.s.web.servlet.DispatcherServlet        : Completed initialization in 231 ms
2026-05-09T10:15:45.050+05:30  INFO 16332 --- [HRMS-System] [http-nio-8086-exec-1] com.hrms.security.SecurityConfig         : SecurityConfig initialized
2026-05-09T10:15:45.102+05:30  INFO 16332 --- [HRMS-System] [http-nio-8086-exec-1] eAuthenticationProviderManagerConfigurer : Found 2 AuthenticationProvider beans, with names [adminAuthenticationProvider, employeeAuthenticationProvider]. Global Authentication Manager will not be configured with AuthenticationProviders. Consider publishing a single AuthenticationProvider bean, or wiring your Providers directly using the DSL.
2026-05-09T10:15:45.104+05:30  WARN 16332 --- [HRMS-System] [http-nio-8086-exec-1] r$InitializeUserDetailsManagerConfigurer : Found 2 UserDetailsService beans, with names [adminUserDetailsService, employeeUserDetailsService]. Global Authentication Manager will not use a UserDetailsService for username/password login. Consider publishing a single UserDetailsService bean.
2026-05-09T10:15:45.386+05:30  INFO 16332 --- [HRMS-System] [http-nio-8086-exec-1] com.hrms.security.SecurityConfig         : Configuring SecurityFilterChain
2026-05-09T10:15:45.453+05:30  INFO 16332 --- [HRMS-System] [http-nio-8086-exec-1] com.hrms.security.SecurityConfig         : SecurityFilterChain configured successfully
2026-05-09T10:15:46.484+05:30  INFO 16332 --- [HRMS-System] [http-nio-8086-exec-2] com.hrms.security.JwtUtil                : JWT token successfully validated for user: EMP0002
2026-05-09T10:15:46.484+05:30  INFO 16332 --- [HRMS-System] [http-nio-8086-exec-4] com.hrms.security.JwtUtil                : JWT token successfully validated for user: EMP0002
2026-05-09T10:15:46.488+05:30  INFO 16332 --- [HRMS-System] [http-nio-8086-exec-2] c.hrms.security.JwtAuthenticationFilter  : Successfully authenticated user: EMP0002 via JWT for path: /api/admin/get-all-admin
2026-05-09T10:15:46.488+05:30  INFO 16332 --- [HRMS-System] [http-nio-8086-exec-4] c.hrms.security.JwtAuthenticationFilter  : Successfully authenticated user: EMP0002 via JWT for path: /api/admin/auth/login
2026-05-09T10:15:46.497+05:30 DEBUG 16332 --- [HRMS-System] [http-nio-8086-exec-2] o.s.web.servlet.DispatcherServlet        : GET "/api/admin/get-all-admin", parameters={}
2026-05-09T10:15:46.497+05:30 DEBUG 16332 --- [HRMS-System] [http-nio-8086-exec-4] o.s.web.servlet.DispatcherServlet        : POST "/api/admin/auth/login", parameters={}
2026-05-09T10:15:46.593+05:30 DEBUG 16332 --- [HRMS-System] [http-nio-8086-exec-2] s.w.s.m.m.a.RequestMappingHandlerMapping : Mapped to com.hrms.controller.AdminController#getAllAdmins()
2026-05-09T10:15:46.601+05:30  INFO 16332 --- [HRMS-System] [http-nio-8086-exec-4] com.hrms.security.AuthController         : AuthController initialized
2026-05-09T10:15:46.605+05:30 DEBUG 16332 --- [HRMS-System] [http-nio-8086-exec-4] s.w.s.m.m.a.RequestMappingHandlerMapping : Mapped to com.hrms.security.AuthController#login(Map, HttpServletResponse)
2026-05-09T10:15:46.632+05:30  INFO 16332 --- [HRMS-System] [http-nio-8086-exec-2] com.hrms.controller.AdminController      : GET /api/admin → Fetching all admins
2026-05-09T10:15:46.632+05:30  INFO 16332 --- [HRMS-System] [http-nio-8086-exec-2] c.h.s.serviceImpl.AdminServiceImpl       : Fetching all admins
2026-05-09T10:15:46.732+05:30 DEBUG 16332 --- [HRMS-System] [http-nio-8086-exec-4] m.m.a.RequestResponseBodyMethodProcessor : Read "application/json;charset=UTF-8" to [{mobile=8317289305, password=123456}]
2026-05-09T10:15:46.756+05:30  INFO 16332 --- [HRMS-System] [http-nio-8086-exec-4] com.hrms.security.AuthController         : Login attempt for mobile: 8317289305
2026-05-09T10:15:46.779+05:30 DEBUG 16332 --- [HRMS-System] [http-nio-8086-exec-2] o.s.w.s.m.m.a.HttpEntityMethodProcessor  : Using 'application/json', given [*/*] and supported [application/json, application/*+json]
2026-05-09T10:15:46.781+05:30 DEBUG 16332 --- [HRMS-System] [http-nio-8086-exec-2] o.s.w.s.m.m.a.HttpEntityMethodProcessor  : Writing [[com.hrms.dto.response.AdminResponseDto@7f4dd89e]]
2026-05-09T10:15:46.917+05:30 DEBUG 16332 --- [HRMS-System] [http-nio-8086-exec-2] o.s.web.servlet.DispatcherServlet        : Completed 200 OK
2026-05-09T10:15:47.208+05:30  INFO 16332 --- [HRMS-System] [http-nio-8086-exec-4] com.hrms.security.JwtUtil                : Generated access token for user: 8317289305 | expires at Sun May 10 10:15:47 IST 2026
2026-05-09T10:15:47.211+05:30  INFO 16332 --- [HRMS-System] [http-nio-8086-exec-4] com.hrms.security.JwtUtil                : Generated refresh token for user: 8317289305 | expires at Sat May 16 10:15:47 IST 2026
2026-05-09T10:15:47.240+05:30  INFO 16332 --- [HRMS-System] [http-nio-8086-exec-4] com.hrms.security.AuthController         : Login successful for mobile: 8317289305
2026-05-09T10:15:47.241+05:30 DEBUG 16332 --- [HRMS-System] [http-nio-8086-exec-4] o.s.w.s.m.m.a.HttpEntityMethodProcessor  : Using 'application/json', given [*/*] and supported [application/json, application/*+json]
2026-05-09T10:15:47.242+05:30 DEBUG 16332 --- [HRMS-System] [http-nio-8086-exec-4] o.s.w.s.m.m.a.HttpEntityMethodProcessor  : Writing [{firstName=Super, lastName=Admin, mobile=8317289305, adminId=ADM1574, role=SUPER_ADMIN, message=Logi (truncated)...]
2026-05-09T10:15:47.258+05:30 DEBUG 16332 --- [HRMS-System] [http-nio-8086-exec-4] o.s.web.servlet.DispatcherServlet        : Completed 200 OK
2026-05-09T10:25:05.547+05:30  INFO 16332 --- [HRMS-System] [SpringApplicationShutdownHook] o.s.boot.tomcat.GracefulShutdown         : Commencing graceful shutdown. Waiting for active requests to complete
2026-05-09T10:25:05.580+05:30  INFO 16332 --- [HRMS-System] [tomcat-shutdown] o.s.boot.tomcat.GracefulShutdown         : Graceful shutdown complete
2026-05-09T10:25:05.605+05:30  INFO 16332 --- [HRMS-System] [SpringApplicationShutdownHook] j.LocalContainerEntityManagerFactoryBean : Closing JPA EntityManagerFactory for persistence unit 'default'
2026-05-09T10:25:05.615+05:30  INFO 16332 --- [HRMS-System] [SpringApplicationShutdownHook] com.zaxxer.hikari.HikariDataSource       : HikariPool-1 - Shutdown initiated...
